<?xml version="1.0" encoding="UTF-8"?>
<testng-results skipped="0" failed="0" total="1" passed="1">
  <reporter-output>
  </reporter-output>
  <suite name="Default suite" duration-ms="24" started-at="2021-12-13T07:46:21Z" finished-at="2021-12-13T07:46:21Z">
    <groups>
    </groups>
    <test name="Default test" duration-ms="24" started-at="2021-12-13T07:46:21Z" finished-at="2021-12-13T07:46:21Z">
      <class name="Practice_1.SmokeTest">
        <test-method status="PASS" signature="smokeTest()[pri:0, instance:Practice_1.SmokeTest@47d384ee]" name="smokeTest" duration-ms="10" started-at="2021-12-13T13:16:21Z" finished-at="2021-12-13T13:16:21Z">
          <reporter-output>
          </reporter-output>
        </test-method> <!-- smokeTest -->
      </class> <!-- Practice_1.SmokeTest -->
    </test> <!-- Default test -->
  </suite> <!-- Default suite -->
</testng-results>
